<?xml version="1.0" encoding="utf-8"?><testsuites name="pytest tests"><testsuite name="pytest" errors="0" failures="0" skipped="0" tests="15" time="21.450" timestamp="2026-04-24T16:27:23.143838+00:00" hostname="agent-env-3c7ad5f5-4e6d-4827-848f-0bfd78abf22e"><testcase classname="tests.test_attendance_api.TestAuth" name="test_register_duplicate_rejected" time="2.354" /><testcase classname="tests.test_attendance_api.TestAuth" name="test_login_invalid" time="0.968" /><testcase classname="tests.test_attendance_api.TestAuth" name="test_me_requires_auth" time="0.692" /><testcase classname="tests.test_attendance_api.TestAuth" name="test_me_ok" time="0.765" /><testcase classname="tests.test_attendance_api.TestOfficesRBAC" name="test_list_offices_auth_required" time="0.718" /><testcase classname="tests.test_attendance_api.TestOfficesRBAC" name="test_list_offices_staff" time="0.783" /><testcase classname="tests.test_attendance_api.TestOfficesRBAC" name="test_create_office_staff_forbidden" time="0.771" /><testcase classname="tests.test_attendance_api.TestOfficesRBAC" name="test_delete_office_staff_forbidden" time="0.730" /><testcase classname="tests.test_attendance_api.TestOfficesRBAC" name="test_admin_create_and_delete_office" time="3.825" /><testcase classname="tests.test_attendance_api.TestAdminAccess" name="test_admin_stats_forbidden_for_staff" time="0.767" /><testcase classname="tests.test_attendance_api.TestAdminAccess" name="test_attendance_all_forbidden_for_staff" time="0.766" /><testcase classname="tests.test_attendance_api.TestAdminAccess" name="test_admin_stats_ok" time="0.705" /><testcase classname="tests.test_attendance_api.TestAdminAccess" name="test_attendance_all_ok" time="0.716" /><testcase classname="tests.test_attendance_api.TestAttendanceFlow" name="test_full_checkin_checkout_flow" time="5.180" /><testcase classname="tests.test_attendance_api.TestAttendanceFlow" name="test_checkout_without_active_fails" time="1.636" /></testsuite></testsuites>